An identifier: program
Unrecognized character: H
An identifier: ello
Unrecognized character: W
An identifier: orld
Unrecognized character: (
An identifier: output
Unrecognized character: )
Unrecognized character: ;
A keyword: begin
Unrecognized character: W
An identifier: rite
Unrecognized character: (
Unrecognized character: '
Unrecognized character: H
An identifier: ello
Unrecognized character: ,
An identifier: world
Unrecognized character: !
Unrecognized character: '
Unrecognized character: )
Unrecognized character: {
An identifier: no
Unrecognized character: "
Unrecognized character: ;
Unrecognized character: "
An identifier: is
An identifier: required
An identifier: after
An identifier: the
An identifier: last
An identifier: statement
An identifier: of
An identifier: a
An identifier: block
An operator: -
An identifier: adding
An identifier: one
An identifier: adds
An identifier: a
Unrecognized character: "
An identifier: null
An identifier: statement
Unrecognized character: "
An identifier: to
An identifier: the
An identifier: program
Unrecognized character: ;
Unrecognized character: }
A keyword: end
Unrecognized character: .
A keyword: procedure
Unrecognized character: T
An identifier: hing
Unrecognized character: O
An identifier: ne
Unrecognized character: ;
A keyword: begin
An identifier: while
An identifier: a
Unrecognized character: <
Unrecognized character: >
An identifier: b
An identifier: do
Unrecognized character: W
An identifier: rite
Unrecognized character: L
An identifier: n
Unrecognized character: (
Unrecognized character: '
Unrecognized character: W
An identifier: aiting
Unrecognized character: '
Unrecognized character: )
Unrecognized character: ;
A keyword: if
An identifier: a
Unrecognized character: >
An identifier: b
A keyword: then
Unrecognized character: W
An identifier: rite
Unrecognized character: L
An identifier: n
Unrecognized character: (
Unrecognized character: '
Unrecognized character: C
An identifier: ondition
An identifier: met
Unrecognized character: '
Unrecognized character: )
An identifier: else
Unrecognized character: W
An identifier: rite
Unrecognized character: L
An identifier: n
Unrecognized character: (
Unrecognized character: '
Unrecognized character: C
An identifier: ondition
An identifier: not
An identifier: met
Unrecognized character: '
Unrecognized character: )
Unrecognized character: ;
An identifier: for
An identifier: i
Unrecognized character: :
Unrecognized character: =
An integer: 1 (1)
An identifier: to
An integer: 10 (10)
An identifier: do
Unrecognized character: W
An identifier: rite
Unrecognized character: L
An identifier: n
Unrecognized character: (
Unrecognized character: '
Unrecognized character: I
An identifier: teration
Unrecognized character: :
Unrecognized character: '
Unrecognized character: ,
An identifier: i
Unrecognized character: )
Unrecognized character: ;
An identifier: repeat
An identifier: a
Unrecognized character: :
Unrecognized character: =
An identifier: a
An operator: +
An integer: 1 (1)
An identifier: until
An identifier: a
Unrecognized character: =
An integer: 10 (10)
Unrecognized character: ;
An identifier: case
An identifier: i
An identifier: of
An integer: 0 (0)
Unrecognized character: :
Unrecognized character: W
An identifier: rite
Unrecognized character: (
Unrecognized character: '
An identifier: zero
Unrecognized character: '
Unrecognized character: )
Unrecognized character: ;
An integer: 1 (1)
Unrecognized character: :
Unrecognized character: W
An identifier: rite
Unrecognized character: (
Unrecognized character: '
An identifier: one
Unrecognized character: '
Unrecognized character: )
Unrecognized character: ;
An integer: 2 (2)
Unrecognized character: :
Unrecognized character: W
An identifier: rite
Unrecognized character: (
Unrecognized character: '
An identifier: two
Unrecognized character: '
Unrecognized character: )
Unrecognized character: ;
An integer: 3 (3)
Unrecognized character: ,
An integer: 4 (4)
Unrecognized character: ,
An integer: 5 (5)
Unrecognized character: ,
An integer: 6 (6)
Unrecognized character: ,
An integer: 7 (7)
Unrecognized character: ,
An integer: 8 (8)
Unrecognized character: ,
An integer: 9 (9)
Unrecognized character: ,
An integer: 10 (10)
Unrecognized character: :
Unrecognized character: W
An identifier: rite
Unrecognized character: (
Unrecognized character: '
Unrecognized character: ?
Unrecognized character: '
Unrecognized character: )
A keyword: end
Unrecognized character: ;
A keyword: end
Unrecognized character: .
